Start testing: Nov 06 11:56 UTC
----------------------------------------------------------
1/1 Testing: unit_tests
1/1 Test: unit_tests
Command: "/home/oleg/Документы/progLab/parser/_builds/tests"
Directory: /home/oleg/Документы/progLab/parser/_builds
"unit_tests" start time: Nov 06 11:56 UTC
Output:
----------------------------------------------------------
Running main() from gtest_main.cc
[0;32m[==========] [mRunning 1 test from 1 test case.
[0;32m[----------] [mGlobal test environment set-up.
[0;32m[----------] [m1 test from Parser
[0;32m[ RUN      ] [mParser.PARSER
/home/oleg/Документы/progLab/parser/tests/test.cpp:60: Failure
Value of: equal(student_0.debt, PARSER("file.json").at(0).debt)
  Actual: false
Expected: true
/home/oleg/Документы/progLab/parser/tests/test.cpp:62: Failure
Value of: student_0 == PARSER("file.json").at(0)
  Actual: false
Expected: true
[0;31m[  FAILED  ] [mParser.PARSER (2 ms)
[0;32m[----------] [m1 test from Parser (2 ms total)

[0;32m[----------] [mGlobal test environment tear-down
[0;32m[==========] [m1 test from 1 test case ran. (2 ms total)
[0;32m[  PASSED  ] [m0 tests.
[0;31m[  FAILED  ] [m1 test, listed below:
[0;31m[  FAILED  ] [mParser.PARSER

 1 FAILED TEST
<end of output>
Test time =   0.01 sec
----------------------------------------------------------
Test Failed.
"unit_tests" end time: Nov 06 11:56 UTC
"unit_tests" time elapsed: 00:00:00
----------------------------------------------------------

End testing: Nov 06 11:56 UTC
